# JRE version: Java(TM) SE Runtime Environment (21.0.8+12) (build 21.0.8+12-LTS-250)
# Java VM: Java HotSpot(TM) 64-Bit Server VM (21.0.8+12-LTS-250, mixed mode, sharing, tiered, compressed oops, compressed class ptrs, parallel gc, windows-amd64)
GC Precious Log:
 CardTable entry size: 512
 CPUs: 8 total, 8 available
 Memory: 16124M
 Large Page Support: Disabled
 NUMA Support: Disabled
 Compressed Oops: Enabled (32-bit)
 Alignments: Space 512K, Generation 512K, Heap 2M
 Heap Min Capacity: 100M
 Heap Initial Capacity: 100M
 Heap Max Capacity: 2G
 Pre-touch: Disabled
 Parallel Workers: 8
Heap:
 PSYoungGen      total 7168K, used 1032K [0x00000000d5580000, 0x00000000d5e80000, 0x0000000100000000)
  eden space 5632K, 0% used [0x00000000d5580000,0x00000000d5580000,0x00000000d5b00000)
  from space 1536K, 67% used [0x00000000d5b00000,0x00000000d5c02200,0x00000000d5c80000)
  to   space 1536K, 0% used [0x00000000d5d00000,0x00000000d5d00000,0x00000000d5e80000)
 ParOldGen       total 115200K, used 114041K [0x0000000080000000, 0x0000000087080000, 0x00000000d5580000)
  object space 115200K, 98% used [0x0000000080000000,0x0000000086f5e408,0x0000000087080000)
 Metaspace       used 80664K, committed 82368K, reserved 1179648K
  class space    used 7643K, committed 8384K, reserved 1048576K
GC Heap History (20 events):
Event: 64745.080 GC heap after
{Heap after GC invocations=1938 (full 41):
 PSYoungGen      total 7680K, used 6048K [0x00000000d5580000, 0x00000000d6480000, 0x0000000100000000)
  eden space 1536K, 0% used [0x00000000d5580000,0x00000000d5580000,0x00000000d5700000)
  from space 6144K, 98% used [0x00000000d5d80000,0x00000000d6368000,0x00000000d6380000)
  to   space 6656K, 0% used [0x00000000d5700000,0x00000000d5700000,0x00000000d5d80000)
 ParOldGen       total 115200K, used 100671K [0x0000000080000000, 0x0000000087080000, 0x00000000d5580000)
  object space 115200K, 87% used [0x0000000080000000,0x000000008624fff8,0x0000000087080000)
 Metaspace       used 80664K, committed 82368K, reserved 1179648K
  class space    used 7643K, committed 8384K, reserved 1048576K
}
Event: 64745.151 GC heap before
{Heap before GC invocations=1939 (full 41):
 PSYoungGen      total 7680K, used 7584K [0x00000000d5580000, 0x00000000d6480000, 0x0000000100000000)
  eden space 1536K, 100% used [0x00000000d5580000,0x00000000d5700000,0x00000000d5700000)
  from space 6144K, 98% used [0x00000000d5d80000,0x00000000d6368000,0x00000000d6380000)
  to   space 6656K, 0% used [0x00000000d5700000,0x00000000d5700000,0x00000000d5d80000)
 ParOldGen       total 115200K, used 100671K [0x0000000080000000, 0x0000000087080000, 0x00000000d5580000)
  object space 115200K, 87% used [0x0000000080000000,0x000000008624fff8,0x0000000087080000)
 Metaspace       used 80664K, committed 82368K, reserved 1179648K
  class space    used 7643K, committed 8384K, reserved 1048576K
}
Event: 64745.164 GC heap after
{Heap after GC invocations=1939 (full 41):
 PSYoungGen      total 8192K, used 6368K [0x00000000d5580000, 0x00000000d6480000, 0x0000000100000000)
  eden space 1536K, 0% used [0x00000000d5580000,0x00000000d5580000,0x00000000d5700000)
  from space 6656K, 95% used [0x00000000d5700000,0x00000000d5d38000,0x00000000d5d80000)
  to   space 6656K, 0% used [0x00000000d5e00000,0x00000000d5e00000,0x00000000d6480000)
 ParOldGen       total 115200K, used 101584K [0x0000000080000000, 0x0000000087080000, 0x00000000d5580000)
  object space 115200K, 88% used [0x0000000080000000,0x0000000086334008,0x0000000087080000)
 Metaspace       used 80664K, committed 82368K, reserved 1179648K
  class space    used 7643K, committed 8384K, reserved 1048576K
}
Event: 64745.183 GC heap before
{Heap before GC invocations=1940 (full 41):
 PSYoungGen      total 8192K, used 7903K [0x00000000d5580000, 0x00000000d6480000, 0x0000000100000000)
  eden space 1536K, 99% used [0x00000000d5580000,0x00000000d56fffe8,0x00000000d5700000)
  from space 6656K, 95% used [0x00000000d5700000,0x00000000d5d38000,0x00000000d5d80000)
  to   space 6656K, 0% used [0x00000000d5e00000,0x00000000d5e00000,0x00000000d6480000)
 ParOldGen       total 115200K, used 101584K [0x0000000080000000, 0x0000000087080000, 0x00000000d5580000)
  object space 115200K, 88% used [0x0000000080000000,0x0000000086334008,0x0000000087080000)
 Metaspace       used 80664K, committed 82368K, reserved 1179648K
  class space    used 7643K, committed 8384K, reserved 1048576K
}
Event: 64745.190 GC heap after
{Heap after GC invocations=1940 (full 41):
 PSYoungGen      total 7680K, used 5376K [0x00000000d5580000, 0x00000000d6380000, 0x0000000100000000)
  eden space 2048K, 0% used [0x00000000d5580000,0x00000000d5580000,0x00000000d5780000)
  from space 5632K, 95% used [0x00000000d5e00000,0x00000000d6340000,0x00000000d6380000)
  to   space 6144K, 0% used [0x00000000d5780000,0x00000000d5780000,0x00000000d5d80000)
 ParOldGen       total 115200K, used 103392K [0x0000000080000000, 0x0000000087080000, 0x00000000d5580000)
  object space 115200K, 89% used [0x0000000080000000,0x00000000864f8008,0x0000000087080000)
 Metaspace       used 80664K, committed 82368K, reserved 1179648K
  class space    used 7643K, committed 8384K, reserved 1048576K
}
Event: 64745.218 GC heap before
{Heap before GC invocations=1941 (full 41):
 PSYoungGen      total 7680K, used 7413K [0x00000000d5580000, 0x00000000d6380000, 0x0000000100000000)
  eden space 2048K, 99% used [0x00000000d5580000,0x00000000d577d6a0,0x00000000d5780000)
  from space 5632K, 95% used [0x00000000d5e00000,0x00000000d6340000,0x00000000d6380000)
  to   space 6144K, 0% used [0x00000000d5780000,0x00000000d5780000,0x00000000d5d80000)
 ParOldGen       total 115200K, used 103392K [0x0000000080000000, 0x0000000087080000, 0x00000000d5580000)
  object space 115200K, 89% used [0x0000000080000000,0x00000000864f8008,0x0000000087080000)
 Metaspace       used 80664K, committed 82368K, reserved 1179648K
  class space    used 7643K, committed 8384K, reserved 1048576K
}
Event: 64745.231 GC heap after
{Heap after GC invocations=1941 (full 41):
 PSYoungGen      total 7168K, used 4864K [0x00000000d5580000, 0x00000000d6200000, 0x0000000100000000)
  eden space 2048K, 0% used [0x00000000d5580000,0x00000000d5580000,0x00000000d5780000)
  from space 5120K, 95% used [0x00000000d5780000,0x00000000d5c40000,0x00000000d5c80000)
  to   space 5120K, 0% used [0x00000000d5d00000,0x00000000d5d00000,0x00000000d6200000)
 ParOldGen       total 115200K, used 104776K [0x0000000080000000, 0x0000000087080000, 0x00000000d5580000)
  object space 115200K, 90% used [0x0000000080000000,0x0000000086652008,0x0000000087080000)
 Metaspace       used 80664K, committed 82368K, reserved 1179648K
  class space    used 7643K, committed 8384K, reserved 1048576K
}
Event: 64745.249 GC heap before
{Heap before GC invocations=1942 (full 41):
 PSYoungGen      total 7168K, used 6912K [0x00000000d5580000, 0x00000000d6200000, 0x0000000100000000)
  eden space 2048K, 100% used [0x00000000d5580000,0x00000000d5780000,0x00000000d5780000)
  from space 5120K, 95% used [0x00000000d5780000,0x00000000d5c40000,0x00000000d5c80000)
  to   space 5120K, 0% used [0x00000000d5d00000,0x00000000d5d00000,0x00000000d6200000)
 ParOldGen       total 115200K, used 104776K [0x0000000080000000, 0x0000000087080000, 0x00000000d5580000)
  object space 115200K, 90% used [0x0000000080000000,0x0000000086652008,0x0000000087080000)
 Metaspace       used 80664K, committed 82368K, reserved 1179648K
  class space    used 7643K, committed 8384K, reserved 1048576K
}
Event: 64745.261 GC heap after
{Heap after GC invocations=1942 (full 41):
 PSYoungGen      total 7168K, used 4128K [0x00000000d5580000, 0x00000000d6180000, 0x0000000100000000)
  eden space 2560K, 0% used [0x00000000d5580000,0x00000000d5580000,0x00000000d5800000)
  from space 4608K, 89% used [0x00000000d5d00000,0x00000000d6108000,0x00000000d6180000)
  to   space 4608K, 0% used [0x00000000d5880000,0x00000000d5880000,0x00000000d5d00000)
 ParOldGen       total 115200K, used 106224K [0x0000000080000000, 0x0000000087080000, 0x00000000d5580000)
  object space 115200K, 92% used [0x0000000080000000,0x00000000867bc008,0x0000000087080000)
 Metaspace       used 80664K, committed 82368K, reserved 1179648K
  class space    used 7643K, committed 8384K, reserved 1048576K
}
Event: 64745.279 GC heap before
{Heap before GC invocations=1943 (full 41):
 PSYoungGen      total 7168K, used 6659K [0x00000000d5580000, 0x00000000d6180000, 0x0000000100000000)
  eden space 2560K, 98% used [0x00000000d5580000,0x00000000d57f8fb8,0x00000000d5800000)
  from space 4608K, 89% used [0x00000000d5d00000,0x00000000d6108000,0x00000000d6180000)
  to   space 4608K, 0% used [0x00000000d5880000,0x00000000d5880000,0x00000000d5d00000)
 ParOldGen       total 115200K, used 106224K [0x0000000080000000, 0x0000000087080000, 0x00000000d5580000)
  object space 115200K, 92% used [0x0000000080000000,0x00000000867bc008,0x0000000087080000)
 Metaspace       used 80664K, committed 82368K, reserved 1179648K
  class space    used 7643K, committed 8384K, reserved 1048576K
}
Event: 64745.288 GC heap after
{Heap after GC invocations=1943 (full 41):
 PSYoungGen      total 6656K, used 3402K [0x00000000d5580000, 0x00000000d6080000, 0x0000000100000000)
  eden space 3072K, 0% used [0x00000000d5580000,0x00000000d5580000,0x00000000d5880000)
  from space 3584K, 94% used [0x00000000d5880000,0x00000000d5bd2880,0x00000000d5c00000)
  to   space 4096K, 0% used [0x00000000d5c80000,0x00000000d5c80000,0x00000000d6080000)
 ParOldGen       total 115200K, used 107944K [0x0000000080000000, 0x0000000087080000, 0x00000000d5580000)
  object space 115200K, 93% used [0x0000000080000000,0x000000008696a008,0x0000000087080000)
 Metaspace       used 80664K, committed 82368K, reserved 1179648K
  class space    used 7643K, committed 8384K, reserved 1048576K
}
Event: 64745.314 GC heap before
{Heap before GC invocations=1944 (full 41):
 PSYoungGen      total 6656K, used 6474K [0x00000000d5580000, 0x00000000d6080000, 0x0000000100000000)
  eden space 3072K, 100% used [0x00000000d5580000,0x00000000d5880000,0x00000000d5880000)
  from space 3584K, 94% used [0x00000000d5880000,0x00000000d5bd2880,0x00000000d5c00000)
  to   space 4096K, 0% used [0x00000000d5c80000,0x00000000d5c80000,0x00000000d6080000)
 ParOldGen       total 115200K, used 107944K [0x0000000080000000, 0x0000000087080000, 0x00000000d5580000)
  object space 115200K, 93% used [0x0000000080000000,0x000000008696a008,0x0000000087080000)
 Metaspace       used 80664K, committed 82368K, reserved 1179648K
  class space    used 7643K, committed 8384K, reserved 1048576K
}
Event: 64745.323 GC heap after
{Heap after GC invocations=1944 (full 41):
 PSYoungGen      total 7168K, used 2622K [0x00000000d5580000, 0x00000000d5f80000, 0x0000000100000000)
  eden space 4096K, 0% used [0x00000000d5580000,0x00000000d5580000,0x00000000d5980000)
  from space 3072K, 85% used [0x00000000d5c80000,0x00000000d5f0f980,0x00000000d5f80000)
  to   space 3072K, 0% used [0x00000000d5980000,0x00000000d5980000,0x00000000d5c80000)
 ParOldGen       total 115200K, used 109624K [0x0000000080000000, 0x0000000087080000, 0x00000000d5580000)
  object space 115200K, 95% used [0x0000000080000000,0x0000000086b0e008,0x0000000087080000)
 Metaspace       used 80664K, committed 82368K, reserved 1179648K
  class space    used 7643K, committed 8384K, reserved 1048576K
}
Event: 64745.395 GC heap before
{Heap before GC invocations=1945 (full 41):
 PSYoungGen      total 7168K, used 6718K [0x00000000d5580000, 0x00000000d5f80000, 0x0000000100000000)
  eden space 4096K, 100% used [0x00000000d5580000,0x00000000d5980000,0x00000000d5980000)
  from space 3072K, 85% used [0x00000000d5c80000,0x00000000d5f0f980,0x00000000d5f80000)
  to   space 3072K, 0% used [0x00000000d5980000,0x00000000d5980000,0x00000000d5c80000)
 ParOldGen       total 115200K, used 109624K [0x0000000080000000, 0x0000000087080000, 0x00000000d5580000)
  object space 115200K, 95% used [0x0000000080000000,0x0000000086b0e008,0x0000000087080000)
 Metaspace       used 80664K, committed 82368K, reserved 1179648K
  class space    used 7643K, committed 8384K, reserved 1048576K
}
Event: 64745.403 GC heap after
{Heap after GC invocations=1945 (full 41):
 PSYoungGen      total 7168K, used 1852K [0x00000000d5580000, 0x00000000d5f80000, 0x0000000100000000)
  eden space 4096K, 0% used [0x00000000d5580000,0x00000000d5580000,0x00000000d5980000)
  from space 3072K, 60% used [0x00000000d5980000,0x00000000d5b4f300,0x00000000d5c80000)
  to   space 2560K, 0% used [0x00000000d5d00000,0x00000000d5d00000,0x00000000d5f80000)
 ParOldGen       total 115200K, used 111112K [0x0000000080000000, 0x0000000087080000, 0x00000000d5580000)
  object space 115200K, 96% used [0x0000000080000000,0x0000000086c82008,0x0000000087080000)
 Metaspace       used 80664K, committed 82368K, reserved 1179648K
  class space    used 7643K, committed 8384K, reserved 1048576K
}
Event: 64745.453 GC heap before
{Heap before GC invocations=1946 (full 41):
 PSYoungGen      total 7168K, used 5948K [0x00000000d5580000, 0x00000000d5f80000, 0x0000000100000000)
  eden space 4096K, 100% used [0x00000000d5580000,0x00000000d5980000,0x00000000d5980000)
  from space 3072K, 60% used [0x00000000d5980000,0x00000000d5b4f300,0x00000000d5c80000)
  to   space 2560K, 0% used [0x00000000d5d00000,0x00000000d5d00000,0x00000000d5f80000)
 ParOldGen       total 115200K, used 111112K [0x0000000080000000, 0x0000000087080000, 0x00000000d5580000)
  object space 115200K, 96% used [0x0000000080000000,0x0000000086c82008,0x0000000087080000)
 Metaspace       used 80664K, committed 82368K, reserved 1179648K
  class space    used 7643K, committed 8384K, reserved 1048576K
}
Event: 64745.461 GC heap after
{Heap after GC invocations=1946 (full 41):
 PSYoungGen      total 6144K, used 832K [0x00000000d5580000, 0x00000000d5e00000, 0x0000000100000000)
  eden space 5120K, 0% used [0x00000000d5580000,0x00000000d5580000,0x00000000d5a80000)
  from space 1024K, 81% used [0x00000000d5d00000,0x00000000d5dd0000,0x00000000d5e00000)
  to   space 1536K, 0% used [0x00000000d5b00000,0x00000000d5b00000,0x00000000d5c80000)
 ParOldGen       total 115200K, used 112496K [0x0000000080000000, 0x0000000087080000, 0x00000000d5580000)
  object space 115200K, 97% used [0x0000000080000000,0x0000000086ddc208,0x0000000087080000)
 Metaspace       used 80664K, committed 82368K, reserved 1179648K
  class space    used 7643K, committed 8384K, reserved 1048576K
}
Event: 64745.501 GC heap before
{Heap before GC invocations=1947 (full 41):
 PSYoungGen      total 6144K, used 5952K [0x00000000d5580000, 0x00000000d5e00000, 0x0000000100000000)
  eden space 5120K, 100% used [0x00000000d5580000,0x00000000d5a80000,0x00000000d5a80000)
  from space 1024K, 81% used [0x00000000d5d00000,0x00000000d5dd0000,0x00000000d5e00000)
  to   space 1536K, 0% used [0x00000000d5b00000,0x00000000d5b00000,0x00000000d5c80000)
 ParOldGen       total 115200K, used 112496K [0x0000000080000000, 0x0000000087080000, 0x00000000d5580000)
  object space 115200K, 97% used [0x0000000080000000,0x0000000086ddc208,0x0000000087080000)
 Metaspace       used 80664K, committed 82368K, reserved 1179648K
  class space    used 7643K, committed 8384K, reserved 1048576K
}
Event: 64745.512 GC heap after
{Heap after GC invocations=1947 (full 41):
 PSYoungGen      total 7168K, used 1032K [0x00000000d5580000, 0x00000000d5e80000, 0x0000000100000000)
  eden space 5632K, 0% used [0x00000000d5580000,0x00000000d5580000,0x00000000d5b00000)
  from space 1536K, 67% used [0x00000000d5b00000,0x00000000d5c02200,0x00000000d5c80000)
  to   space 1536K, 0% used [0x00000000d5d00000,0x00000000d5d00000,0x00000000d5e80000)
 ParOldGen       total 115200K, used 114041K [0x0000000080000000, 0x0000000087080000, 0x00000000d5580000)
  object space 115200K, 98% used [0x0000000080000000,0x0000000086f5e408,0x0000000087080000)
 Metaspace       used 80664K, committed 82368K, reserved 1179648K
  class space    used 7643K, committed 8384K, reserved 1048576K
}
Event: 64745.512 GC heap before
{Heap before GC invocations=1948 (full 42):
 PSYoungGen      total 7168K, used 1032K [0x00000000d5580000, 0x00000000d5e80000, 0x0000000100000000)
  eden space 5632K, 0% used [0x00000000d5580000,0x00000000d5580000,0x00000000d5b00000)
  from space 1536K, 67% used [0x00000000d5b00000,0x00000000d5c02200,0x00000000d5c80000)
  to   space 1536K, 0% used [0x00000000d5d00000,0x00000000d5d00000,0x00000000d5e80000)
 ParOldGen       total 115200K, used 114041K [0x0000000080000000, 0x0000000087080000, 0x00000000d5580000)
  object space 115200K, 98% used [0x0000000080000000,0x0000000086f5e408,0x0000000087080000)
 Metaspace       used 80664K, committed 82368K, reserved 1179648K
  class space    used 7643K, committed 8384K, reserved 1048576K
}

